[debug] [2024-09-14T18:35:19.126Z] ----------------------------------------------------------------------
[debug] [2024-09-14T18:35:19.128Z] Command:       /home/ranjeet/.nvm/versions/node/v18.20.4/bin/node /home/ranjeet/.nvm/versions/node/v18.20.4/bin/firebase deploy
[debug] [2024-09-14T18:35:19.128Z] CLI Version:   13.17.0
[debug] [2024-09-14T18:35:19.128Z] Platform:      linux
[debug] [2024-09-14T18:35:19.128Z] Node Version:  v18.20.4
[debug] [2024-09-14T18:35:19.129Z] Time:          Sun Sep 15 2024 00:05:19 GMT+0530 (India Standard Time)
[debug] [2024-09-14T18:35:19.129Z] ----------------------------------------------------------------------
[debug] 
[debug] [2024-09-14T18:35:19.191Z] > command requires scopes: ["email","openid","https://www.googleapis.com/auth/cloudplatformprojects.readonly","https://www.googleapis.com/auth/firebase","https://www.googleapis.com/auth/cloud-platform"]
[debug] [2024-09-14T18:35:19.191Z] > authorizing via signed-in user (bit20cs43@bit.ac.in)
[debug] [2024-09-14T18:35:19.192Z] [iam] checking project event-2af25 for permissions ["firebase.projects.get","firebasehosting.sites.update"]
[debug] [2024-09-14T18:35:19.193Z] >>> [apiv2][query] POST https://cloudresourcemanager.googleapis.com/v1/projects/event-2af25:testIamPermissions [none]
[debug] [2024-09-14T18:35:19.194Z] >>> [apiv2][(partial)header] POST https://cloudresourcemanager.googleapis.com/v1/projects/event-2af25:testIamPermissions x-goog-quota-user=projects/event-2af25
[debug] [2024-09-14T18:35:19.194Z] >>> [apiv2][body] POST https://cloudresourcemanager.googleapis.com/v1/projects/event-2af25:testIamPermissions {"permissions":["firebase.projects.get","firebasehosting.sites.update"]}
[debug] [2024-09-14T18:35:24.727Z] <<< [apiv2][status] POST https://cloudresourcemanager.googleapis.com/v1/projects/event-2af25:testIamPermissions 200
[debug] [2024-09-14T18:35:24.727Z] <<< [apiv2][body] POST https://cloudresourcemanager.googleapis.com/v1/projects/event-2af25:testIamPermissions {"permissions":["firebase.projects.get","firebasehosting.sites.update"]}
[debug] [2024-09-14T18:35:24.728Z] >>> [apiv2][query] GET https://firebase.googleapis.com/v1beta1/projects/event-2af25 [none]
[debug] [2024-09-14T18:35:25.904Z] <<< [apiv2][status] GET https://firebase.googleapis.com/v1beta1/projects/event-2af25 200
[debug] [2024-09-14T18:35:25.904Z] <<< [apiv2][body] GET https://firebase.googleapis.com/v1beta1/projects/event-2af25 {"projectId":"event-2af25","projectNumber":"208706588266","displayName":"event","name":"projects/event-2af25","resources":{"hostingSite":"event-2af25","realtimeDatabaseInstance":"event-2af25-default-rtdb","storageBucket":"event-2af25.appspot.com","locationId":"us-central"},"state":"ACTIVE","etag":"1_db2a47e0-64c4-48f9-838f-bada75393a26"}
[debug] [2024-09-14T18:35:27.773Z] defaultcredentials: writing to file /home/ranjeet/.config/firebase/bit20cs43_bit_ac.in_application_default_credentials.json
[debug] [2024-09-14T18:35:27.775Z] >>> [apiv2][query] GET https://firebasehosting.googleapis.com/v1beta1/projects/event-2af25/sites pageToken=&pageSize=10
[debug] [2024-09-14T18:35:30.068Z] <<< [apiv2][status] GET https://firebasehosting.googleapis.com/v1beta1/projects/event-2af25/sites 200
[debug] [2024-09-14T18:35:30.069Z] <<< [apiv2][body] GET https://firebasehosting.googleapis.com/v1beta1/projects/event-2af25/sites {"sites":[{"name":"projects/event-2af25/sites/event-2af25","defaultUrl":"https://event-2af25.web.app","appId":"1:208706588266:web:3856132c9ed6b84ab34413","type":"DEFAULT_SITE"}]}
[debug] [2024-09-14T18:35:30.070Z] >>> [apiv2][query] GET https://firebase.googleapis.com/v1beta1/projects/-/webApps/1:208706588266:web:3856132c9ed6b84ab34413/config [none]
[debug] [2024-09-14T18:35:32.332Z] <<< [apiv2][status] GET https://firebase.googleapis.com/v1beta1/projects/-/webApps/1:208706588266:web:3856132c9ed6b84ab34413/config 200
[debug] [2024-09-14T18:35:32.332Z] <<< [apiv2][body] GET https://firebase.googleapis.com/v1beta1/projects/-/webApps/1:208706588266:web:3856132c9ed6b84ab34413/config {"projectId":"event-2af25","appId":"1:208706588266:web:3856132c9ed6b84ab34413","databaseURL":"https://event-2af25-default-rtdb.firebaseio.com","storageBucket":"event-2af25.appspot.com","locationId":"us-central","apiKey":"AIzaSyAx4RnyP8ulqky5KMyL04kE-mkBwIX5W48","authDomain":"event-2af25.firebaseapp.com","messagingSenderId":"208706588266"}
[info] 
   Thank you for trying our early preview of Next.js support on Firebase Hosting.
   During the preview, support is best-effort and breaking changes can be expected. Proceed with caution.
   The integration is known to work with Next.js version 12 - 14.0. You may encounter errors.

   Documentation: https://firebase.google.com/docs/hosting/frameworks/nextjs
   File a bug: https://github.com/firebase/firebase-tools/issues/new?template=bug_report.md
   Submit a feature request: https://github.com/firebase/firebase-tools/issues/new?template=feature_request.md

   We'd love to learn from you. Express your interest in helping us shape the future of Firebase Hosting: https://goo.gle/41enW5X

[debug] [2024-09-14T18:35:37.173Z] >>> [apiv2][query] GET https://firebasehosting.googleapis.com/v1beta1/projects/event-2af25/sites/event-2af25 [none]
[debug] [2024-09-14T18:35:40.805Z] <<< [apiv2][status] GET https://firebasehosting.googleapis.com/v1beta1/projects/event-2af25/sites/event-2af25 200
[debug] [2024-09-14T18:35:40.806Z] <<< [apiv2][body] GET https://firebasehosting.googleapis.com/v1beta1/projects/event-2af25/sites/event-2af25 {"name":"projects/event-2af25/sites/event-2af25","defaultUrl":"https://event-2af25.web.app","appId":"1:208706588266:web:3856132c9ed6b84ab34413","type":"DEFAULT_SITE"}
[info]   ▲ Next.js 14.2.11

[info]   - Environments: .env.local

   Linting and checking validity of types ...

[info]    Creating an optimized production build ...

[info]  ✓ Compiled successfully

[info]    Collecting page data ...

[info]    Generating static pages (0/6) ...

[info]    Generating static pages (1/6) 

[info]    Generating static pages (2/6) 

[info]    Generating static pages (4/6) 

[info]  ✓ Generating static pages (6/6)

[info]    Finalizing page optimization ...

[info]    Collecting build traces ...

[info] 

[info] Route (pages)                              Size     First Load JS
┌ ○ / (960 ms)                             9.01 kB         383 kB
├   /_app                                  0 B             275 kB
├ ○ /404                                   180 B           275 kB
├ ○ /analytics (958 ms)                    1.09 kB         375 kB
├ ƒ /api/attendees/[eventId]               0 B             275 kB
├ ƒ /api/events                            0 B             275 kB
├ ƒ /api/notifications                     0 B             275 kB
├ ƒ /api/protected-route                   0 B             275 kB
├ ○ /events/[id] (825 ms)                  592 B           275 kB
└ ○ /profile (1043 ms)                     3.34 kB         278 kB
+ First Load JS shared by all              276 kB
  ├ chunks/framework-64ad27b21261a9ce.js   44.8 kB
  ├ chunks/main-8283b73161c08480.js        32.1 kB
  ├ chunks/pages/_app-1be46ae730cfdbbf.js  196 kB
  └ other shared chunks (total)            3.38 kB

○  (Static)   prerendered as static content
ƒ  (Dynamic)  server-rendered on demand

[info] 

[info] Building a Cloud Function to run this application. This is needed due to:
[info]  • non-static route /api/attendees/[eventId]
[info]  • non-static route /api/events
[info]  • non-static route /api/notifications
[info]  • non-static route /api/protected-route
[info] 
